[INFO] Disabling enhanced local repository: using legacy is strongly discouraged to ensure build reproducibility.
[INFO] Scanning for projects...
[INFO] 
[INFO] ---------------< org.example.test_docker.job:hello_job >----------------
[INFO] Building TEST_DOCKER hello_job-0.1.0 (0.1,Jobs) 0.1.0
[INFO] --------------------------------[ jar ]---------------------------------
[WARNING] The POM for org.dom4j:dom4j:jar:2.1.1 is missing, no dependency information available
[WARNING] The POM for org.apache.logging.log4j:log4j-api:jar:2.12.1 is missing, no dependency information available
[WARNING] The POM for org.apache.logging.log4j:log4j-core:jar:2.12.1 is missing, no dependency information available
[WARNING] The POM for org.apache.logging.log4j:log4j-slf4j-impl:jar:2.12.1 is missing, no dependency information available
[INFO] 
[INFO] --- maven-resources-plugin:3.0.2:resources (default-resources) @ hello_job ---
[WARNING] Using platform encoding (UTF-8 actually) to copy filtered resources, i.e. build is platform dependent!
[INFO] Copying 1 resource
[INFO] 
[INFO] --- maven-compiler-plugin:3.6.1:compile (default-compile) @ hello_job ---
[WARNING] The POM for org.eclipse.platform:org.eclipse.osgi:jar:3.13.300 is missing, no dependency information available
[WARNING] The POM for org.apache.commons:commons-exec:jar:1.2 is missing, no dependency information available
[INFO] Not compiling main sources
[INFO] 
[INFO] --- maven-resources-plugin:3.0.2:testResources (default-testResources) @ hello_job ---
[INFO] Not copying test resources
[INFO] 
[INFO] --- maven-compiler-plugin:3.6.1:testCompile (default-testCompile) @ hello_job ---
[INFO] Not compiling test sources
[INFO] 
[INFO] --- maven-surefire-plugin:2.20:test (default-test) @ hello_job ---
[INFO] Tests are skipped.
[INFO] 
[INFO] --- maven-jar-plugin:3.0.2:jar (default-jar) @ hello_job ---
[INFO] Building jar: C:\TOS_DI-20200219_1130-V7.3.1\workspace\TEST_DOCKER\poms\jobs\process\hello_job_0.1\target\hello_job_0_1.jar
[INFO] 
[INFO] --- maven-assembly-plugin:3.0.0:single (default) @ hello_job ---
[INFO] Reading assembly descriptor: C:\TOS_DI-20200219_1130-V7.3.1\workspace\TEST_DOCKER\poms\jobs\process\hello_job_0.1/src/main/assemblies/assembly.xml
[WARNING] Missing POM for org.dom4j:dom4j:jar:2.1.1
[WARNING] Missing POM for org.apache.logging.log4j:log4j-api:jar:2.12.1
[WARNING] Missing POM for org.apache.logging.log4j:log4j-core:jar:2.12.1
[WARNING] Missing POM for org.apache.logging.log4j:log4j-slf4j-impl:jar:2.12.1
[INFO] Building zip: C:\TOS_DI-20200219_1130-V7.3.1\workspace\TEST_DOCKER\poms\jobs\process\hello_job_0.1\target\hello_job_0_1.zip
[INFO] ------------------------------------------------------------------------
[INFO] BUILD SUCCESS
[INFO] ------------------------------------------------------------------------
[INFO] Total time: 4.194 s
[INFO] Finished at: 2020-05-16T17:15:17+02:00
[INFO] ------------------------------------------------------------------------
